"Severity","ThreadID","Date","Time","Application","Message"
"ERROR","http-nio-8888-exec-9","06/24/2021","09:35:26","","invalid component definition, can't find component [MyApplication];invalid component definition, can't find component [MyApplication];lucee.runtime.exp.ExpressionException: invalid component definition, can't find component [MyApplication]
	at lucee.runtime.component.ComponentLoader._search(ComponentLoader.java:125)
	at lucee.runtime.component.ComponentLoader.searchComponent(ComponentLoader.java:79)
	at lucee.runtime.PageContextImpl.loadComponent(PageContextImpl.java:3167)
	at lucee.runtime.functions.other.CreateObject.doComponent(CreateObject.java:148)
	at lucee.runtime.functions.other._CreateComponent.call(_CreateComponent.java:42)
	at application_cfc$cf$k.udfCall(/Application.cfc:24)
	at lucee.runtime.type.UDFImpl.implementation(UDFImpl.java:106)
	at lucee.runtime.type.UDFImpl._call(UDFImpl.java:344)
	at lucee.runtime.type.UDFImpl.call(UDFImpl.java:217)
	at lucee.runtime.type.scope.UndefinedImpl.call(UndefinedImpl.java:779)
	at lucee.runtime.util.VariableUtilImpl.callFunctionWithoutNamedValues(VariableUtilImpl.java:785)
	at lucee.runtime.PageContextImpl.getFunction(PageContextImpl.java:1710)
	at application_cfc$cf$k.udfCall(/Application.cfc:279)
	at lucee.runtime.type.UDFImpl.implementation(UDFImpl.java:106)
	at lucee.runtime.type.UDFImpl._call(UDFImpl.java:344)
	at lucee.runtime.type.UDFImpl.call(UDFImpl.java:217)
	at lucee.runtime.ComponentImpl._call(ComponentImpl.java:680)
	at lucee.runtime.ComponentImpl._call(ComponentImpl.java:568)
	at lucee.runtime.ComponentImpl.call(ComponentImpl.java:1898)
	at lucee.runtime.listener.ModernAppListener.call(ModernAppListener.java:436)
	at lucee.runtime.listener.ModernAppListener.onError(ModernAppListener.java:424)
	at lucee.runtime.listener.MixedAppListener.onError(MixedAppListener.java:123)
	at lucee.runtime.PageContextImpl.execute(PageContextImpl.java:2436)
	at lucee.runtime.PageContextImpl._execute(PageContextImpl.java:2406)
	at lucee.runtime.PageContextImpl.executeCFML(PageContextImpl.java:2381)
	at lucee.runtime.engine.Request.exe(Request.java:43)
	at lucee.runtime.engine.CFMLEngineImpl._service(CFMLEngineImpl.java:1170)
	at lucee.runtime.engine.CFMLEngineImpl.serviceCFML(CFMLEngineImpl.java:1116)
	at lucee.loader.engine.CFMLEngineWrapper.serviceCFML(CFMLEngineWrapper.java:97)
	at lucee.loader.servlet.CFMLServlet.service(CFMLServlet.java:51)
..."
"ERROR","http-nio-8888-exec-2","06/24/2021","09:35:45","","template [C:\lucee\tomcat\webapps\scart\MyApplication.cfc] must contain a component or an interface.;template [C:\lucee\tomcat\webapps\scart\MyApplication.cfc] must contain a component or an interface.;lucee.runtime.exp.TemplateException: template [C:\lucee\tomcat\webapps\scart\MyApplication.cfc] must contain a component or an interface.
	at lucee.transformer.cfml.tag.CFMLTransformer.transform(CFMLTransformer.java:261)
	at lucee.runtime.compiler.CFMLCompilerImpl._compile(CFMLCompilerImpl.java:125)
	at lucee.runtime.compiler.CFMLCompilerImpl.compile(CFMLCompilerImpl.java:76)
	at lucee.runtime.PageSourceImpl._compile(PageSourceImpl.java:440)
	at lucee.runtime.PageSourceImpl.compile(PageSourceImpl.java:407)
	at lucee.runtime.PageSourceImpl.loadPhysical(PageSourceImpl.java:348)
	at lucee.runtime.PageSourceImpl.loadPageThrowTemplateException(PageSourceImpl.java:237)
	at lucee.runtime.PageSourceImpl.loadPage(PageSourceImpl.java:1007)
	at lucee.runtime.component.ComponentLoader._search(ComponentLoader.java:219)
	at lucee.runtime.component.ComponentLoader._search(ComponentLoader.java:117)
	at lucee.runtime.component.ComponentLoader.searchComponent(ComponentLoader.java:79)
	at lucee.runtime.PageContextImpl.loadComponent(PageContextImpl.java:3167)
	at lucee.runtime.functions.other.CreateObject.doComponent(CreateObject.java:148)
	at lucee.runtime.functions.other._CreateComponent.call(_CreateComponent.java:42)
	at application_cfc$cf$k.udfCall(/Application.cfc:24)
	at lucee.runtime.type.UDFImpl.implementation(UDFImpl.java:106)
	at lucee.runtime.type.UDFImpl._call(UDFImpl.java:344)
	at lucee.runtime.type.UDFImpl.call(UDFImpl.java:217)
	at lucee.runtime.type.scope.UndefinedImpl.call(UndefinedImpl.java:779)
	at lucee.runtime.util.VariableUtilImpl.callFunctionWithoutNamedValues(VariableUtilImpl.java:785)
	at lucee.runtime.PageContextImpl.getFunction(PageContextImpl.java:1710)
	at application_cfc$cf$k.udfCall(/Application.cfc:279)
	at lucee.runtime.type.UDFImpl.implementation(UDFImpl.java:106)
	at lucee.runtime.type.UDFImpl._call(UDFImpl.java:344)
	at lucee.runtime.type.UDFImpl.call(UDFImpl.java:217)
	at lucee.runtime.ComponentImpl._call(ComponentImpl.java:680)
	at lucee.runtime.ComponentImpl._call(ComponentImpl.java:568)
	at lucee.runtime.ComponentImpl.call(ComponentImpl.java:1898)
	at lucee.runtime.listener.ModernAppListener.call(ModernAppListener.java:436)
	at lucee.runtime.listener.ModernAppListener.onError(ModernAppListener.java:424)
	at lucee.runtime.listener.MixedAppListener.onError(MixedAppListener.java:123)
	at lucee.runtime.PageContextImpl.execute(PageContextImpl.java:2436)
	at lucee.runtime.PageContextImpl._execute(PageContextImpl.java:2406)
	at lucee.runtime.PageContextImpl.executeCFML(PageContextImpl.java:2381)
	at lucee.runtime.engine.Request.exe(Request.java:43)
	at lucee.runtime.engine.CFMLEngineImpl._service(CFMLEngineImpl.java:1170)
	at lucee.runtime.engine.CFMLEngineImpl.serviceCFML(CFMLEngineImpl.java:1116)
	at lucee.loader.engine.CFMLEngineWrapper.serviceCFML(CFMLEngineWrapper.java:97)
	at lucee.loader.servlet.CFMLServlet.service(CFMLServlet.java:51)
..."
"ERROR","http-nio-8888-exec-8","06/24/2021","09:37:46","","template [C:\lucee\tomcat\webapps\scart\MyApplication.cfc] must contain a component or an interface.;template [C:\lucee\tomcat\webapps\scart\MyApplication.cfc] must contain a component or an interface.;lucee.runtime.exp.TemplateException: template [C:\lucee\tomcat\webapps\scart\MyApplication.cfc] must contain a component or an interface.
	at lucee.transformer.cfml.tag.CFMLTransformer.transform(CFMLTransformer.java:261)
	at lucee.runtime.compiler.CFMLCompilerImpl._compile(CFMLCompilerImpl.java:125)
	at lucee.runtime.compiler.CFMLCompilerImpl.compile(CFMLCompilerImpl.java:76)
	at lucee.runtime.PageSourceImpl._compile(PageSourceImpl.java:440)
	at lucee.runtime.PageSourceImpl.compile(PageSourceImpl.java:407)
	at lucee.runtime.PageSourceImpl.loadPhysical(PageSourceImpl.java:348)
	at lucee.runtime.PageSourceImpl.loadPageThrowTemplateException(PageSourceImpl.java:237)
	at lucee.runtime.config.ConfigImpl.getCachedPage(ConfigImpl.java:3202)
	at lucee.runtime.component.ComponentLoader._search(ComponentLoader.java:184)
	at lucee.runtime.component.ComponentLoader._search(ComponentLoader.java:117)
	at lucee.runtime.component.ComponentLoader.searchComponent(ComponentLoader.java:79)
	at lucee.runtime.PageContextImpl.loadComponent(PageContextImpl.java:3167)
	at lucee.runtime.functions.other.CreateObject.doComponent(CreateObject.java:148)
	at lucee.runtime.functions.other._CreateComponent.call(_CreateComponent.java:42)
	at application_cfc$cf$l.udfCall(/Application.cfc:24)
	at lucee.runtime.type.UDFImpl.implementation(UDFImpl.java:106)
	at lucee.runtime.type.UDFImpl._call(UDFImpl.java:344)
	at lucee.runtime.type.UDFImpl.call(UDFImpl.java:217)
	at lucee.runtime.type.scope.UndefinedImpl.call(UndefinedImpl.java:779)
	at lucee.runtime.util.VariableUtilImpl.callFunctionWithoutNamedValues(VariableUtilImpl.java:785)
	at lucee.runtime.PageContextImpl.getFunction(PageContextImpl.java:1710)
	at application_cfc$cf$l.udfCall(/Application.cfc:32)
	at lucee.runtime.type.UDFImpl.implementation(UDFImpl.java:106)
	at lucee.runtime.type.UDFImpl._call(UDFImpl.java:344)
	at lucee.runtime.type.UDFImpl.call(UDFImpl.java:217)
	at lucee.runtime.ComponentImpl._call(ComponentImpl.java:680)
	at lucee.runtime.ComponentImpl._call(ComponentImpl.java:568)
	at lucee.runtime.ComponentImpl.call(ComponentImpl.java:1898)
	at lucee.runtime.listener.ModernAppListener.call(ModernAppListener.java:436)
	at lucee.runtime.listener.ModernAppListener.onError(ModernAppListener.java:424)
	at lucee.runtime.listener.MixedAppListener.onError(MixedAppListener.java:123)
	at lucee.runtime.PageContextImpl.execute(PageContextImpl.java:2436)
	at lucee.runtime.PageContextImpl._execute(PageContextImpl.java:2406)
	at lucee.runtime.PageContextImpl.executeCFML(PageContextImpl.java:2381)
	at lucee.runtime.engine.Request.exe(Request.java:43)
	at lucee.runtime.engine.CFMLEngineImpl._service(CFMLEngineImpl.java:1170)
	at lucee.runtime.engine.CFMLEngineImpl.serviceCFML(CFMLEngineImpl.java:1116)
	at lucee.loader.engine.CFMLEngineWrapper.serviceCFML(CFMLEngineWrapper.java:97)
	at lucee.loader.servlet.CFMLServlet.service(CFMLServlet.java:51)
..."
"ERROR","http-nio-8888-exec-1","06/24/2021","09:38:11","","No matching function [_GET_FRAMEWORK_ONE] found;No matching function [_GET_FRAMEWORK_ONE] found;lucee.runtime.exp.ExpressionException: No matching function [_GET_FRAMEWORK_ONE] found
	at lucee.runtime.type.scope.UndefinedImpl.call(UndefinedImpl.java:785)
	at lucee.runtime.util.VariableUtilImpl.callFunctionWithoutNamedValues(VariableUtilImpl.java:785)
	at lucee.runtime.PageContextImpl.getFunction(PageContextImpl.java:1710)
	at application_cfc$cf$m.udfCall(/Application.cfc:23)
	at lucee.runtime.type.UDFImpl.implementation(UDFImpl.java:106)
	at lucee.runtime.type.UDFImpl._call(UDFImpl.java:344)
	at lucee.runtime.type.UDFImpl.call(UDFImpl.java:217)
	at lucee.runtime.ComponentImpl._call(ComponentImpl.java:680)
	at lucee.runtime.ComponentImpl._call(ComponentImpl.java:568)
	at lucee.runtime.ComponentImpl.call(ComponentImpl.java:1898)
	at lucee.runtime.listener.ModernAppListener.call(ModernAppListener.java:436)
	at lucee.runtime.listener.ModernAppListener.onError(ModernAppListener.java:424)
	at lucee.runtime.listener.MixedAppListener.onError(MixedAppListener.java:123)
	at lucee.runtime.PageContextImpl.execute(PageContextImpl.java:2436)
	at lucee.runtime.PageContextImpl._execute(PageContextImpl.java:2406)
	at lucee.runtime.PageContextImpl.executeCFML(PageContextImpl.java:2381)
	at lucee.runtime.engine.Request.exe(Request.java:43)
	at lucee.runtime.engine.CFMLEngineImpl._service(CFMLEngineImpl.java:1170)
	at lucee.runtime.engine.CFMLEngineImpl.serviceCFML(CFMLEngineImpl.java:1116)
	at lucee.loader.engine.CFMLEngineWrapper.serviceCFML(CFMLEngineWrapper.java:97)
	at lucee.loader.servlet.CFMLServlet.service(CFMLServlet.java:51)
..."
"ERROR","http-nio-8888-exec-5","06/28/2021","12:44:22","","template [C:\lucee\tomcat\webapps\scart\MyApplication.cfc] must contain a component or an interface.;template [C:\lucee\tomcat\webapps\scart\MyApplication.cfc] must contain a component or an interface.;lucee.runtime.exp.TemplateException: template [C:\lucee\tomcat\webapps\scart\MyApplication.cfc] must contain a component or an interface.
	at lucee.transformer.cfml.tag.CFMLTransformer.transform(CFMLTransformer.java:261)
	at lucee.runtime.compiler.CFMLCompilerImpl._compile(CFMLCompilerImpl.java:125)
	at lucee.runtime.compiler.CFMLCompilerImpl.compile(CFMLCompilerImpl.java:76)
	at lucee.runtime.PageSourceImpl._compile(PageSourceImpl.java:440)
	at lucee.runtime.PageSourceImpl.compile(PageSourceImpl.java:407)
	at lucee.runtime.PageSourceImpl.loadPhysical(PageSourceImpl.java:329)
	at lucee.runtime.PageSourceImpl.loadPageThrowTemplateException(PageSourceImpl.java:237)
	at lucee.runtime.PageSourceImpl.loadPage(PageSourceImpl.java:1007)
	at lucee.runtime.component.ComponentLoader._search(ComponentLoader.java:219)
	at lucee.runtime.component.ComponentLoader._search(ComponentLoader.java:117)
	at lucee.runtime.component.ComponentLoader.searchComponent(ComponentLoader.java:79)
	at lucee.runtime.PageContextImpl.loadComponent(PageContextImpl.java:3167)
	at lucee.runtime.functions.other.CreateObject.doComponent(CreateObject.java:148)
	at lucee.runtime.functions.other._CreateComponent.call(_CreateComponent.java:42)
	at application_cfc$cf$4r.udfCall(/Application.cfc:16)
	at lucee.runtime.type.UDFImpl.implementation(UDFImpl.java:106)
	at lucee.runtime.type.UDFImpl._call(UDFImpl.java:344)
	at lucee.runtime.type.UDFImpl.call(UDFImpl.java:217)
	at lucee.runtime.type.scope.UndefinedImpl.call(UndefinedImpl.java:779)
	at lucee.runtime.util.VariableUtilImpl.callFunctionWithoutNamedValues(VariableUtilImpl.java:785)
	at lucee.runtime.PageContextImpl.getFunction(PageContextImpl.java:1710)
	at application_cfc$cf$4r.udfCall(/Application.cfc:26)
	at lucee.runtime.type.UDFImpl.implementation(UDFImpl.java:106)
	at lucee.runtime.type.UDFImpl._call(UDFImpl.java:344)
	at lucee.runtime.type.UDFImpl.call(UDFImpl.java:217)
	at lucee.runtime.ComponentImpl._call(ComponentImpl.java:680)
	at lucee.runtime.ComponentImpl._call(ComponentImpl.java:568)
	at lucee.runtime.ComponentImpl.call(ComponentImpl.java:1898)
	at lucee.runtime.listener.ModernAppListener.call(ModernAppListener.java:436)
	at lucee.runtime.listener.ModernAppListener.onError(ModernAppListener.java:424)
	at lucee.runtime.listener.MixedAppListener.onError(MixedAppListener.java:123)
	at lucee.runtime.PageContextImpl.execute(PageContextImpl.java:2436)
	at lucee.runtime.PageContextImpl._execute(PageContextImpl.java:2406)
	at lucee.runtime.PageContextImpl.executeCFML(PageContextImpl.java:2381)
	at lucee.runtime.engine.Request.exe(Request.java:43)
	at lucee.runtime.engine.CFMLEngineImpl._service(CFMLEngineImpl.java:1170)
	at lucee.runtime.engine.CFMLEngineImpl.serviceCFML(CFMLEngineImpl.java:1116)
	at lucee.loader.engine.CFMLEngineWrapper.serviceCFML(CFMLEngineWrapper.java:97)
	at lucee.loader.servlet.CFMLServlet.service(CFMLServlet.java:51)
..."
"ERROR","http-nio-8888-exec-2","06/28/2021","12:44:25","","template [C:\lucee\tomcat\webapps\scart\MyApplication.cfc] must contain a component or an interface.;template [C:\lucee\tomcat\webapps\scart\MyApplication.cfc] must contain a component or an interface.;lucee.runtime.exp.TemplateException: template [C:\lucee\tomcat\webapps\scart\MyApplication.cfc] must contain a component or an interface.
	at lucee.transformer.cfml.tag.CFMLTransformer.transform(CFMLTransformer.java:261)
	at lucee.runtime.compiler.CFMLCompilerImpl._compile(CFMLCompilerImpl.java:125)
	at lucee.runtime.compiler.CFMLCompilerImpl.compile(CFMLCompilerImpl.java:76)
	at lucee.runtime.PageSourceImpl._compile(PageSourceImpl.java:440)
	at lucee.runtime.PageSourceImpl.compile(PageSourceImpl.java:407)
	at lucee.runtime.PageSourceImpl.loadPhysical(PageSourceImpl.java:329)
	at lucee.runtime.PageSourceImpl.loadPageThrowTemplateException(PageSourceImpl.java:237)
	at lucee.runtime.PageSourceImpl.loadPage(PageSourceImpl.java:1007)
	at lucee.runtime.component.ComponentLoader._search(ComponentLoader.java:219)
	at lucee.runtime.component.ComponentLoader._search(ComponentLoader.java:117)
	at lucee.runtime.component.ComponentLoader.searchComponent(ComponentLoader.java:79)
	at lucee.runtime.PageContextImpl.loadComponent(PageContextImpl.java:3167)
	at lucee.runtime.functions.other.CreateObject.doComponent(CreateObject.java:148)
	at lucee.runtime.functions.other._CreateComponent.call(_CreateComponent.java:42)
	at application_cfc$cf$4r.udfCall(/Application.cfc:16)
	at lucee.runtime.type.UDFImpl.implementation(UDFImpl.java:106)
	at lucee.runtime.type.UDFImpl._call(UDFImpl.java:344)
	at lucee.runtime.type.UDFImpl.call(UDFImpl.java:217)
	at lucee.runtime.type.scope.UndefinedImpl.call(UndefinedImpl.java:779)
	at lucee.runtime.util.VariableUtilImpl.callFunctionWithoutNamedValues(VariableUtilImpl.java:785)
	at lucee.runtime.PageContextImpl.getFunction(PageContextImpl.java:1710)
	at application_cfc$cf$4r.udfCall(/Application.cfc:26)
	at lucee.runtime.type.UDFImpl.implementation(UDFImpl.java:106)
	at lucee.runtime.type.UDFImpl._call(UDFImpl.java:344)
	at lucee.runtime.type.UDFImpl.call(UDFImpl.java:217)
	at lucee.runtime.ComponentImpl._call(ComponentImpl.java:680)
	at lucee.runtime.ComponentImpl._call(ComponentImpl.java:568)
	at lucee.runtime.ComponentImpl.call(ComponentImpl.java:1898)
	at lucee.runtime.listener.ModernAppListener.call(ModernAppListener.java:436)
	at lucee.runtime.listener.ModernAppListener.onError(ModernAppListener.java:424)
	at lucee.runtime.listener.MixedAppListener.onError(MixedAppListener.java:123)
	at lucee.runtime.PageContextImpl.execute(PageContextImpl.java:2436)
	at lucee.runtime.PageContextImpl._execute(PageContextImpl.java:2406)
	at lucee.runtime.PageContextImpl.executeCFML(PageContextImpl.java:2381)
	at lucee.runtime.engine.Request.exe(Request.java:43)
	at lucee.runtime.engine.CFMLEngineImpl._service(CFMLEngineImpl.java:1170)
	at lucee.runtime.engine.CFMLEngineImpl.serviceCFML(CFMLEngineImpl.java:1116)
	at lucee.loader.engine.CFMLEngineWrapper.serviceCFML(CFMLEngineWrapper.java:97)
	at lucee.loader.servlet.CFMLServlet.service(CFMLServlet.java:51)
..."
"ERROR","http-nio-8888-exec-3","06/28/2021","12:44:51","","template [C:\lucee\tomcat\webapps\scart\MyApplication.cfc] must contain a component or an interface.;template [C:\lucee\tomcat\webapps\scart\MyApplication.cfc] must contain a component or an interface.;lucee.runtime.exp.TemplateException: template [C:\lucee\tomcat\webapps\scart\MyApplication.cfc] must contain a component or an interface.
	at lucee.transformer.cfml.tag.CFMLTransformer.transform(CFMLTransformer.java:261)
	at lucee.runtime.compiler.CFMLCompilerImpl._compile(CFMLCompilerImpl.java:125)
	at lucee.runtime.compiler.CFMLCompilerImpl.compile(CFMLCompilerImpl.java:76)
	at lucee.runtime.PageSourceImpl._compile(PageSourceImpl.java:440)
	at lucee.runtime.PageSourceImpl.compile(PageSourceImpl.java:407)
	at lucee.runtime.PageSourceImpl.loadPhysical(PageSourceImpl.java:329)
	at lucee.runtime.PageSourceImpl.loadPageThrowTemplateException(PageSourceImpl.java:237)
	at lucee.runtime.PageSourceImpl.loadPage(PageSourceImpl.java:1007)
	at lucee.runtime.component.ComponentLoader._search(ComponentLoader.java:219)
	at lucee.runtime.component.ComponentLoader._search(ComponentLoader.java:117)
	at lucee.runtime.component.ComponentLoader.searchComponent(ComponentLoader.java:79)
	at lucee.runtime.PageContextImpl.loadComponent(PageContextImpl.java:3167)
	at lucee.runtime.functions.other.CreateObject.doComponent(CreateObject.java:148)
	at lucee.runtime.functions.other._CreateComponent.call(_CreateComponent.java:42)
	at application_cfc$cf$4r.udfCall(/Application.cfc:16)
	at lucee.runtime.type.UDFImpl.implementation(UDFImpl.java:106)
	at lucee.runtime.type.UDFImpl._call(UDFImpl.java:344)
	at lucee.runtime.type.UDFImpl.call(UDFImpl.java:217)
	at lucee.runtime.type.scope.UndefinedImpl.call(UndefinedImpl.java:779)
	at lucee.runtime.util.VariableUtilImpl.callFunctionWithoutNamedValues(VariableUtilImpl.java:785)
	at lucee.runtime.PageContextImpl.getFunction(PageContextImpl.java:1710)
	at application_cfc$cf$4r.udfCall(/Application.cfc:26)
	at lucee.runtime.type.UDFImpl.implementation(UDFImpl.java:106)
	at lucee.runtime.type.UDFImpl._call(UDFImpl.java:344)
	at lucee.runtime.type.UDFImpl.call(UDFImpl.java:217)
	at lucee.runtime.ComponentImpl._call(ComponentImpl.java:680)
	at lucee.runtime.ComponentImpl._call(ComponentImpl.java:568)
	at lucee.runtime.ComponentImpl.call(ComponentImpl.java:1898)
	at lucee.runtime.listener.ModernAppListener.call(ModernAppListener.java:436)
	at lucee.runtime.listener.ModernAppListener.onError(ModernAppListener.java:424)
	at lucee.runtime.listener.MixedAppListener.onError(MixedAppListener.java:123)
	at lucee.runtime.PageContextImpl.execute(PageContextImpl.java:2436)
	at lucee.runtime.PageContextImpl._execute(PageContextImpl.java:2406)
	at lucee.runtime.PageContextImpl.executeCFML(PageContextImpl.java:2381)
	at lucee.runtime.engine.Request.exe(Request.java:43)
	at lucee.runtime.engine.CFMLEngineImpl._service(CFMLEngineImpl.java:1170)
	at lucee.runtime.engine.CFMLEngineImpl.serviceCFML(CFMLEngineImpl.java:1116)
	at lucee.loader.engine.CFMLEngineWrapper.serviceCFML(CFMLEngineWrapper.java:97)
	at lucee.loader.servlet.CFMLServlet.service(CFMLServlet.java:51)
..."
"ERROR","http-nio-8888-exec-1","06/28/2021","13:50:14","","template [C:\lucee\tomcat\webapps\scart\MyApplication.cfc] must contain a component or an interface.;template [C:\lucee\tomcat\webapps\scart\MyApplication.cfc] must contain a component or an interface.;lucee.runtime.exp.TemplateException: template [C:\lucee\tomcat\webapps\scart\MyApplication.cfc] must contain a component or an interface.
	at lucee.transformer.cfml.tag.CFMLTransformer.transform(CFMLTransformer.java:261)
	at lucee.runtime.compiler.CFMLCompilerImpl._compile(CFMLCompilerImpl.java:125)
	at lucee.runtime.compiler.CFMLCompilerImpl.compile(CFMLCompilerImpl.java:76)
	at lucee.runtime.PageSourceImpl._compile(PageSourceImpl.java:440)
	at lucee.runtime.PageSourceImpl.compile(PageSourceImpl.java:407)
	at lucee.runtime.PageSourceImpl.loadPhysical(PageSourceImpl.java:329)
	at lucee.runtime.PageSourceImpl.loadPageThrowTemplateException(PageSourceImpl.java:237)
	at lucee.runtime.config.ConfigImpl.getCachedPage(ConfigImpl.java:3202)
	at lucee.runtime.component.ComponentLoader._search(ComponentLoader.java:184)
	at lucee.runtime.component.ComponentLoader._search(ComponentLoader.java:117)
	at lucee.runtime.component.ComponentLoader.searchComponent(ComponentLoader.java:79)
	at lucee.runtime.PageContextImpl.loadComponent(PageContextImpl.java:3167)
	at lucee.runtime.functions.other.CreateObject.doComponent(CreateObject.java:148)
	at lucee.runtime.functions.other._CreateComponent.call(_CreateComponent.java:42)
	at application_cfc$cf$5f.udfCall(/Application.cfc:19)
	at lucee.runtime.type.UDFImpl.implementation(UDFImpl.java:106)
	at lucee.runtime.type.UDFImpl._call(UDFImpl.java:344)
	at lucee.runtime.type.UDFImpl.call(UDFImpl.java:217)
	at lucee.runtime.type.scope.UndefinedImpl.call(UndefinedImpl.java:779)
	at lucee.runtime.util.VariableUtilImpl.callFunctionWithoutNamedValues(VariableUtilImpl.java:785)
	at lucee.runtime.PageContextImpl.getFunction(PageContextImpl.java:1710)
	at application_cfc$cf$5f.udfCall(/Application.cfc:29)
	at lucee.runtime.type.UDFImpl.implementation(UDFImpl.java:106)
	at lucee.runtime.type.UDFImpl._call(UDFImpl.java:344)
	at lucee.runtime.type.UDFImpl.call(UDFImpl.java:217)
	at lucee.runtime.ComponentImpl._call(ComponentImpl.java:680)
	at lucee.runtime.ComponentImpl._call(ComponentImpl.java:568)
	at lucee.runtime.ComponentImpl.call(ComponentImpl.java:1898)
	at lucee.runtime.listener.ModernAppListener.call(ModernAppListener.java:436)
	at lucee.runtime.listener.ModernAppListener.onError(ModernAppListener.java:424)
	at lucee.runtime.listener.MixedAppListener.onError(MixedAppListener.java:123)
	at lucee.runtime.PageContextImpl.execute(PageContextImpl.java:2436)
	at lucee.runtime.PageContextImpl._execute(PageContextImpl.java:2406)
	at lucee.runtime.PageContextImpl.executeCFML(PageContextImpl.java:2381)
	at lucee.runtime.engine.Request.exe(Request.java:43)
	at lucee.runtime.engine.CFMLEngineImpl._service(CFMLEngineImpl.java:1170)
	at lucee.runtime.engine.CFMLEngineImpl.serviceCFML(CFMLEngineImpl.java:1116)
	at lucee.loader.engine.CFMLEngineWrapper.serviceCFML(CFMLEngineWrapper.java:97)
	at lucee.loader.servlet.CFMLServlet.service(CFMLServlet.java:51)
..."
"ERROR","http-nio-8888-exec-1","06/28/2021","14:18:08","","template [C:\lucee\tomcat\webapps\scart\MyApplication.cfc] must contain a component or an interface.;template [C:\lucee\tomcat\webapps\scart\MyApplication.cfc] must contain a component or an interface.;lucee.runtime.exp.TemplateException: template [C:\lucee\tomcat\webapps\scart\MyApplication.cfc] must contain a component or an interface.
	at lucee.transformer.cfml.tag.CFMLTransformer.transform(CFMLTransformer.java:261)
	at lucee.runtime.compiler.CFMLCompilerImpl._compile(CFMLCompilerImpl.java:125)
	at lucee.runtime.compiler.CFMLCompilerImpl.compile(CFMLCompilerImpl.java:76)
	at lucee.runtime.PageSourceImpl._compile(PageSourceImpl.java:440)
	at lucee.runtime.PageSourceImpl.compile(PageSourceImpl.java:407)
	at lucee.runtime.PageSourceImpl.loadPhysical(PageSourceImpl.java:329)
	at lucee.runtime.PageSourceImpl.loadPageThrowTemplateException(PageSourceImpl.java:237)
	at lucee.runtime.config.ConfigImpl.getCachedPage(ConfigImpl.java:3202)
	at lucee.runtime.component.ComponentLoader._search(ComponentLoader.java:184)
	at lucee.runtime.component.ComponentLoader._search(ComponentLoader.java:117)
	at lucee.runtime.component.ComponentLoader.searchComponent(ComponentLoader.java:79)
	at lucee.runtime.PageContextImpl.loadComponent(PageContextImpl.java:3167)
	at lucee.runtime.functions.other.CreateObject.doComponent(CreateObject.java:148)
	at lucee.runtime.functions.other._CreateComponent.call(_CreateComponent.java:42)
	at application_cfc$cf$5f.udfCall(/Application.cfc:19)
	at lucee.runtime.type.UDFImpl.implementation(UDFImpl.java:106)
	at lucee.runtime.type.UDFImpl._call(UDFImpl.java:344)
	at lucee.runtime.type.UDFImpl.call(UDFImpl.java:217)
	at lucee.runtime.type.scope.UndefinedImpl.call(UndefinedImpl.java:779)
	at lucee.runtime.util.VariableUtilImpl.callFunctionWithoutNamedValues(VariableUtilImpl.java:785)
	at lucee.runtime.PageContextImpl.getFunction(PageContextImpl.java:1710)
	at application_cfc$cf$5f.udfCall(/Application.cfc:29)
	at lucee.runtime.type.UDFImpl.implementation(UDFImpl.java:106)
	at lucee.runtime.type.UDFImpl._call(UDFImpl.java:344)
	at lucee.runtime.type.UDFImpl.call(UDFImpl.java:217)
	at lucee.runtime.ComponentImpl._call(ComponentImpl.java:680)
	at lucee.runtime.ComponentImpl._call(ComponentImpl.java:568)
	at lucee.runtime.ComponentImpl.call(ComponentImpl.java:1898)
	at lucee.runtime.listener.ModernAppListener.call(ModernAppListener.java:436)
	at lucee.runtime.listener.ModernAppListener.onError(ModernAppListener.java:424)
	at lucee.runtime.listener.MixedAppListener.onError(MixedAppListener.java:123)
	at lucee.runtime.PageContextImpl.execute(PageContextImpl.java:2436)
	at lucee.runtime.PageContextImpl._execute(PageContextImpl.java:2406)
	at lucee.runtime.PageContextImpl.executeCFML(PageContextImpl.java:2381)
	at lucee.runtime.engine.Request.exe(Request.java:43)
	at lucee.runtime.engine.CFMLEngineImpl._service(CFMLEngineImpl.java:1170)
	at lucee.runtime.engine.CFMLEngineImpl.serviceCFML(CFMLEngineImpl.java:1116)
	at lucee.loader.engine.CFMLEngineWrapper.serviceCFML(CFMLEngineWrapper.java:97)
	at lucee.loader.servlet.CFMLServlet.service(CFMLServlet.java:51)
..."
